May 27 12:01:15 ubuntu.local ticky: ERROR: Connection refused by server (user456)
May 27 11:45:40 ubuntu.local ticky: INFO: Created ticket [#9876] (user123)
May 27 12:15:23 ubuntu.local ticky: INFO: Added comment to ticket [#2345] (user789)
May 27 12:30:45 ubuntu.local ticky: ERROR: Unable to retrieve data (user321)
May 27 12:45:57 ubuntu.local ticky: INFO: Closed ticket [#5432] (user987)
May 27 13:00:10 ubuntu.local ticky: ERROR: File not found (user654)
May 27 13:15:28 ubuntu.local ticky: INFO: Created ticket [#8765] (user321)
May 27 13:30:35 ubuntu.local ticky: ERROR: Permission denied (user789)
May 27 13:45:42 ubuntu.local ticky: INFO: Added comment to ticket [#4321] (user987)
May 27 14:00:55 ubuntu.local ticky: ERROR: Out of memory (user456)
May 27 14:15:10 ubuntu.local ticky: ERROR: Timeout while retrieving information (user654)
May 27 14:15:30 ubuntu.local ticky: ERROR: Timeout while retrieving information (user654)
May 27 14:30:20 ubuntu.local ticky: ERROR: The ticket was modified while updating (user321)
May 27 14:45:30 ubuntu.local ticky: ERROR: Connection to DB failed (user987)
May 27 15:00:40 ubuntu.local ticky: ERROR: Tried to add information to a closed ticket (user456)
May 27 15:00:50 ubuntu.local ticky: ERROR: File not found (user654)
May 27 15:00:50 ubuntu.local ticky: ERROR: File not found (user789)
May 27 15:00:50 ubuntu.local ticky: ERROR: File not found (user456)
May 27 15:00:50 ubuntu.local ticky: ERROR: File not found (user987)
May 27 15:00:50 ubuntu.local ticky: ERROR: Tried to add information to a closed ticket (user456)
May 27 15:15:50 ubuntu.local ticky: ERROR: Permission denied while closing ticket (user789)
May 27 15:15:50 ubuntu.local ticky: ERROR: The ticket was modified while updating (user654)
May 27 15:15:50 ubuntu.local ticky: ERROR: The ticket was modified while updating (user789)
May 27 15:15:50 ubuntu.local ticky: ERROR: The ticket was modified while updating (user456)
May 27 15:15:50 ubuntu.local ticky: ERROR: The ticket was modified while updating (user987)
