2023-06-12 10:15:27 [ERROR-57236] - Database Error: Failed to connect to the database server.
2023-06-12 10:20:34 [ERROR-90142] - File Error: File not found: "index.html"
2023-06-12 10:25:51 [ERROR-34629] - Code Error: Division by zero error in line 42 of script.py
2023-06-12 10:30:12 [ERROR-21980] - Access Error: Access denied for user 'admin'@'localhost' (using password: YES)
2023-06-12 10:35:45 [ERROR-63714] - Database Error: NullPointerException occurred in class com.example.MyClass
2023-06-12 10:40:03 [ERROR-10853] - File Error: Out of memory error. Heap space exhausted.
2023-06-12 10:45:19 [ERROR-89127] - Code Error: Invalid input format. Expected a number, received "abc".
2023-06-12 10:50:36 [ERROR-72564] - Access Error: Unable to write to the log file. Permission denied.
2023-06-12 10:55:58 [ERROR-31467] - Database Error: SQL syntax error near line 6: unexpected token 'FROM'
2023-06-12 11:01:21 [ERROR-56982] - File Error: Network timeout. Failed to establish a connection.
2023-06-12 11:06:47 [ERROR-94683] - Code Error: Missing required field "email" in the user profile.
2023-06-12 11:12:16 [ERROR-22191] - Access Error: Disk space full. Unable to write file.
2023-06-12 11:17:48 [ERROR-78745] - Database Error: Invalid API key. Authentication failed.
2023-06-12 11:23:23 [ERROR-51248] - File Error: Database query returned empty result set.
2023-06-12 11:28:59 [ERROR-87596] - Code Error: Unexpected error occurred. Please contact support.
2023-06-12 11:34:37 [ERROR-35746] - Access Error: Invalid input received. Expected a valid JSON object.
2023-06-12 11:40:16 [ERROR-66973] - Database Error: Authentication failed. Invalid username or password.
2023-06-12 11:45:56 [ERROR-90417] - File Error: Unable to read configuration file.
2023-06-12 11:51:37 [ERROR-43912] - Code Error: File permission error. Cannot delete file.
2023-06-12 11:57:19 [ERROR-79253] - Access Error: Database connection lost unexpectedly.
2023-06-12 12:03:02 [ERROR-12859] - Database Error: Invalid input. Required field "name" is missing.
2023-06-12 12:08:46 [ERROR-55380] - File Error: Database server not responding. Please try again later.
2023-06-12 12:14:31 [ERROR-78156] - Code Error: Out of disk space. Unable to write log entry.
2023-06-12 12:20:17 [ERROR-17644] - Access Error: Failed to parse XML file. Invalid XML format.
2023-06-12 12:26:04 [ERROR-61870] - Database Error: Unexpected error occurred during file upload.
